<?xml version="1.0" encoding="UTF-8"?>
<!-- Generated by org.testng.reporters.JUnitReportReporter -->
<testsuite hostname="LAPTOP-DJ4R242J" failures="0" tests="1" name="Ammulu.Maven1.SeleniumTest" time="0.021" errors="0" timestamp="2022-07-16T13:18:42 IST" skipped="0">
  <testcase classname="Ammulu.Maven1.SeleniumTest" name="BrowserAutomtion" time="0.021"/>
  <system-out/>
</testsuite> <!-- Ammulu.Maven1.SeleniumTest -->
