<?xml version="1.0" encoding="UTF-8"?>
<!-- Generated by org.testng.reporters.JUnitReportReporter -->
<testsuite hostname="LAPTOP-DJ4R242J" failures="0" tests="2" name="Ammulu.Maven1.SeleniumTest" time="0.000" errors="0" timestamp="2022-07-17T11:48:57 IST" skipped="0">
  <testcase classname="Ammulu.Maven1.SeleniumTest" name="Browserautomtion" time="0.000"/>
  <system-out/>
  <testcase classname="Ammulu.Maven1.SeleniumTest" name="Elementsui" time="0.000"/>
  <system-out/>
</testsuite> <!-- Ammulu.Maven1.SeleniumTest -->
